<?xml version="1.0" encoding="UTF-8"?>
<testsuite xmlns:xsi="http://www.w3.org/2001/XMLSchema-instance" xsi:noNamespaceSchemaLocation="https://maven.apache.org/surefire/maven-surefire-plugin/xsd/surefire-test-report-3.0.xsd" version="3.0" name="edu.citytech.javareview.datastructure.sort.T2_SortTest" time="0.024" tests="4" errors="0" skipped="0" failures="0">
  <properties>
    <property name="java.specification.version" value="22"/>
    <property name="sun.jnu.encoding" value="UTF-8"/>
    <property name="java.class.path" value="/Users/salem/Documents/3650/JavaReview/01.Project/javareview/target/test-classes:/Users/salem/Documents/3650/JavaReview/01.Project/javareview/target/classes:/Users/salem/.m2/repository/org/jsoup/jsoup/1.18.1/jsoup-1.18.1.jar:/Users/salem/.m2/repository/org/junit/jupiter/junit-jupiter-api/5.11.0/junit-jupiter-api-5.11.0.jar:/Users/salem/.m2/repository/org/opentest4j/opentest4j/1.3.0/opentest4j-1.3.0.jar:/Users/salem/.m2/repository/org/junit/platform/junit-platform-commons/1.11.0/junit-platform-commons-1.11.0.jar:/Users/salem/.m2/repository/org/apiguardian/apiguardian-api/1.1.2/apiguardian-api-1.1.2.jar:/Users/salem/.m2/repository/edu/learning/datastructure/java17/data/cst3650/1.07/cst3650-1.07.jar:"/>
    <property name="java.vm.vendor" value="Oracle Corporation"/>
    <property name="sun.arch.data.model" value="64"/>
    <property name="java.vendor.url" value="https://java.oracle.com/"/>
    <property name="os.name" value="Mac OS X"/>
    <property name="java.vm.specification.version" value="22"/>
    <property name="user.country" value="US"/>
    <property name="sun.java.launcher" value="SUN_STANDARD"/>
    <property name="sun.boot.library.path" value="/Library/Java/JavaVirtualMachines/jdk-22.jdk/Contents/Home/lib"/>
    <property name="sun.java.command" value="/Users/salem/Documents/3650/JavaReview/01.Project/javareview/target/surefire/surefirebooter-20241002195755051_3.jar /Users/salem/Documents/3650/JavaReview/01.Project/javareview/target/surefire 2024-10-02T19-57-55_013-jvmRun1 surefire-20241002195755051_1tmp surefire_0-20241002195755051_2tmp"/>
    <property name="jdk.debug" value="release"/>
    <property name="test" value="edu.citytech.javareview.datastructure.sort.T2_SortTest"/>
    <property name="surefire.test.class.path" value="/Users/salem/Documents/3650/JavaReview/01.Project/javareview/target/test-classes:/Users/salem/Documents/3650/JavaReview/01.Project/javareview/target/classes:/Users/salem/.m2/repository/org/jsoup/jsoup/1.18.1/jsoup-1.18.1.jar:/Users/salem/.m2/repository/org/junit/jupiter/junit-jupiter-api/5.11.0/junit-jupiter-api-5.11.0.jar:/Users/salem/.m2/repository/org/opentest4j/opentest4j/1.3.0/opentest4j-1.3.0.jar:/Users/salem/.m2/repository/org/junit/platform/junit-platform-commons/1.11.0/junit-platform-commons-1.11.0.jar:/Users/salem/.m2/repository/org/apiguardian/apiguardian-api/1.1.2/apiguardian-api-1.1.2.jar:/Users/salem/.m2/repository/edu/learning/datastructure/java17/data/cst3650/1.07/cst3650-1.07.jar:"/>
    <property name="sun.cpu.endian" value="little"/>
    <property name="user.home" value="/Users/salem"/>
    <property name="user.language" value="en"/>
    <property name="java.specification.vendor" value="Oracle Corporation"/>
    <property name="java.version.date" value="2024-07-16"/>
    <property name="java.home" value="/Library/Java/JavaVirtualMachines/jdk-22.jdk/Contents/Home"/>
    <property name="file.separator" value="/"/>
    <property name="basedir" value="/Users/salem/Documents/3650/JavaReview/01.Project/javareview"/>
    <property name="java.vm.compressedOopsMode" value="Zero based"/>
    <property name="line.separator" value="&#10;"/>
    <property name="java.vm.specification.vendor" value="Oracle Corporation"/>
    <property name="java.specification.name" value="Java Platform API Specification"/>
    <property name="apple.awt.application.name" value="ForkedBooter"/>
    <property name="surefire.real.class.path" value="/Users/salem/Documents/3650/JavaReview/01.Project/javareview/target/surefire/surefirebooter-20241002195755051_3.jar"/>
    <property name="sun.management.compiler" value="HotSpot 64-Bit Tiered Compilers"/>
    <property name="java.runtime.version" value="22.0.2+9-70"/>
    <property name="user.name" value="salem"/>
    <property name="stdout.encoding" value="UTF-8"/>
    <property name="path.separator" value=":"/>
    <property name="os.version" value="15.0"/>
    <property name="java.runtime.name" value="Java(TM) SE Runtime Environment"/>
    <property name="file.encoding" value="UTF-8"/>
    <property name="java.vm.name" value="Java HotSpot(TM) 64-Bit Server VM"/>
    <property name="maven.ext.class.path" value="/Users/salem/.vscode/extensions/oracle.oracle-java-22.1.2/nbcode/java/maven-nblib/netbeans-eventspy.jar"/>
    <property name="localRepository" value="/Users/salem/.m2/repository"/>
    <property name="java.vendor.url.bug" value="https://bugreport.java.com/bugreport/"/>
    <property name="java.io.tmpdir" value="/var/folders/r_/pr848knd5lzgs33knty6yzw40000gn/T/"/>
    <property name="java.version" value="22.0.2"/>
    <property name="user.dir" value="/Users/salem/Documents/3650/JavaReview/01.Project/javareview"/>
    <property name="os.arch" value="aarch64"/>
    <property name="java.vm.specification.name" value="Java Virtual Machine Specification"/>
    <property name="native.encoding" value="UTF-8"/>
    <property name="java.library.path" value="/Users/salem/Library/Java/Extensions:/Library/Java/Extensions:/Network/Library/Java/Extensions:/System/Library/Java/Extensions:/usr/lib/java:."/>
    <property name="java.vm.info" value="mixed mode, sharing"/>
    <property name="stderr.encoding" value="UTF-8"/>
    <property name="java.vendor" value="Oracle Corporation"/>
    <property name="java.vm.version" value="22.0.2+9-70"/>
    <property name="sun.io.unicode.encoding" value="UnicodeBig"/>
    <property name="java.class.version" value="66.0"/>
  </properties>
  <testcase name="t1" classname="edu.citytech.javareview.datastructure.sort.T2_SortTest" time="0.007">
    <system-out><![CDATA[operation count: 121
.toString: size=11 [0, 1, 2, 3, 4, 5, 6, 7, 8, 9, 10]
]]></system-out>
  </testcase>
  <testcase name="t2" classname="edu.citytech.javareview.datastructure.sort.T2_SortTest" time="0.0"/>
  <testcase name="t3" classname="edu.citytech.javareview.datastructure.sort.T2_SortTest" time="0.0"/>
  <testcase name="t4" classname="edu.citytech.javareview.datastructure.sort.T2_SortTest" time="0.0"/>
</testsuite>