<?xml version="1.0" encoding="UTF-8"?>
<testsuite xmlns:xsi="http://www.w3.org/2001/XMLSchema-instance" xsi:noNamespaceSchemaLocation="https://maven.apache.org/surefire/maven-surefire-plugin/xsd/surefire-test-report-3.0.xsd" version="3.0" name="edu.citytech.javareview.T2_FileUtility" time="0.062" tests="1" errors="0" skipped="0" failures="0">
  <properties>
    <property name="java.specification.version" value="22"/>
    <property name="sun.jnu.encoding" value="UTF-8"/>
    <property name="java.class.path" value="/Users/salem/Library/Mobile Documents/com~apple~CloudDocs/Documents/3650/JavaReview/01.Project/javareview/target/test-classes:/Users/salem/Library/Mobile Documents/com~apple~CloudDocs/Documents/3650/JavaReview/01.Project/javareview/target/classes:/Users/salem/.m2/repository/org/jsoup/jsoup/1.18.1/jsoup-1.18.1.jar:/Users/salem/.m2/repository/org/junit/jupiter/junit-jupiter-api/5.11.0/junit-jupiter-api-5.11.0.jar:/Users/salem/.m2/repository/org/opentest4j/opentest4j/1.3.0/opentest4j-1.3.0.jar:/Users/salem/.m2/repository/org/junit/platform/junit-platform-commons/1.11.0/junit-platform-commons-1.11.0.jar:/Users/salem/.m2/repository/org/apiguardian/apiguardian-api/1.1.2/apiguardian-api-1.1.2.jar:"/>
    <property name="java.vm.vendor" value="Oracle Corporation"/>
    <property name="sun.arch.data.model" value="64"/>
    <property name="java.vendor.url" value="https://java.oracle.com/"/>
    <property name="os.name" value="Mac OS X"/>
    <property name="java.vm.specification.version" value="22"/>
    <property name="user.country" value="US"/>
    <property name="sun.java.launcher" value="SUN_STANDARD"/>
    <property name="sun.boot.library.path" value="/Library/Java/JavaVirtualMachines/jdk-22.jdk/Contents/Home/lib"/>
    <property name="sun.java.command" value="/Users/salem/Library/Mobile Documents/com~apple~CloudDocs/Documents/3650/JavaReview/01.Project/javareview/target/surefire/surefirebooter-20240912141720742_3.jar /Users/salem/Library/Mobile Documents/com~apple~CloudDocs/Documents/3650/JavaReview/01.Project/javareview/target/surefire 2024-09-12T14-17-20_708-jvmRun1 surefire-20240912141720742_1tmp surefire_0-20240912141720742_2tmp"/>
    <property name="http.nonProxyHosts" value="local|*.local|169.254/16|*.169.254/16"/>
    <property name="jdk.debug" value="release"/>
    <property name="test" value="edu.citytech.javareview.T2_FileUtility"/>
    <property name="surefire.test.class.path" value="/Users/salem/Library/Mobile Documents/com~apple~CloudDocs/Documents/3650/JavaReview/01.Project/javareview/target/test-classes:/Users/salem/Library/Mobile Documents/com~apple~CloudDocs/Documents/3650/JavaReview/01.Project/javareview/target/classes:/Users/salem/.m2/repository/org/jsoup/jsoup/1.18.1/jsoup-1.18.1.jar:/Users/salem/.m2/repository/org/junit/jupiter/junit-jupiter-api/5.11.0/junit-jupiter-api-5.11.0.jar:/Users/salem/.m2/repository/org/opentest4j/opentest4j/1.3.0/opentest4j-1.3.0.jar:/Users/salem/.m2/repository/org/junit/platform/junit-platform-commons/1.11.0/junit-platform-commons-1.11.0.jar:/Users/salem/.m2/repository/org/apiguardian/apiguardian-api/1.1.2/apiguardian-api-1.1.2.jar:"/>
    <property name="sun.cpu.endian" value="little"/>
    <property name="user.home" value="/Users/salem"/>
    <property name="user.language" value="en"/>
    <property name="java.specification.vendor" value="Oracle Corporation"/>
    <property name="java.version.date" value="2024-07-16"/>
    <property name="java.home" value="/Library/Java/JavaVirtualMachines/jdk-22.jdk/Contents/Home"/>
    <property name="file.separator" value="/"/>
    <property name="basedir" value="/Users/salem/Library/Mobile Documents/com~apple~CloudDocs/Documents/3650/JavaReview/01.Project/javareview"/>
    <property name="java.vm.compressedOopsMode" value="Zero based"/>
    <property name="line.separator" value="&#10;"/>
    <property name="java.vm.specification.vendor" value="Oracle Corporation"/>
    <property name="java.specification.name" value="Java Platform API Specification"/>
    <property name="apple.awt.application.name" value="ForkedBooter"/>
    <property name="surefire.real.class.path" value="/Users/salem/Library/Mobile Documents/com~apple~CloudDocs/Documents/3650/JavaReview/01.Project/javareview/target/surefire/surefirebooter-20240912141720742_3.jar"/>
    <property name="sun.management.compiler" value="HotSpot 64-Bit Tiered Compilers"/>
    <property name="ftp.nonProxyHosts" value="local|*.local|169.254/16|*.169.254/16"/>
    <property name="java.runtime.version" value="22.0.2+9-70"/>
    <property name="user.name" value="salem"/>
    <property name="stdout.encoding" value="UTF-8"/>
    <property name="path.separator" value=":"/>
    <property name="os.version" value="14.4"/>
    <property name="java.runtime.name" value="Java(TM) SE Runtime Environment"/>
    <property name="file.encoding" value="UTF-8"/>
    <property name="java.vm.name" value="Java HotSpot(TM) 64-Bit Server VM"/>
    <property name="maven.ext.class.path" value="/Users/salem/.vscode/extensions/oracle.oracle-java-22.1.2/nbcode/java/maven-nblib/netbeans-eventspy.jar"/>
    <property name="localRepository" value="/Users/salem/.m2/repository"/>
    <property name="java.vendor.url.bug" value="https://bugreport.java.com/bugreport/"/>
    <property name="java.io.tmpdir" value="/var/folders/r_/pr848knd5lzgs33knty6yzw40000gn/T/"/>
    <property name="java.version" value="22.0.2"/>
    <property name="user.dir" value="/Users/salem/Library/Mobile Documents/com~apple~CloudDocs/Documents/3650/JavaReview/01.Project/javareview"/>
    <property name="os.arch" value="aarch64"/>
    <property name="java.vm.specification.name" value="Java Virtual Machine Specification"/>
    <property name="native.encoding" value="UTF-8"/>
    <property name="java.library.path" value="/Users/salem/Library/Java/Extensions:/Library/Java/Extensions:/Network/Library/Java/Extensions:/System/Library/Java/Extensions:/usr/lib/java:."/>
    <property name="java.vm.info" value="mixed mode, sharing"/>
    <property name="stderr.encoding" value="UTF-8"/>
    <property name="java.vendor" value="Oracle Corporation"/>
    <property name="java.vm.version" value="22.0.2+9-70"/>
    <property name="sun.io.unicode.encoding" value="UnicodeBig"/>
    <property name="socksNonProxyHosts" value="local|*.local|169.254/16|*.169.254/16"/>
    <property name="java.class.version" value="66.0"/>
  </properties>
  <testcase name="t1" classname="edu.citytech.javareview.T2_FileUtility" time="0.054">
    <system-out><![CDATA[NVDA $118.19 $3.09T 0.03% 3,6,9,12
NTDOF $55.25 $64.10B 2.49% 6
SSNLF $40.60 $379.60B 2.65% 5,8
SONY $96.60 $118.25B 0.58% 6
MSFT $413.70 $3.05T 0.73% 3,6,9
MCD $288.10 $205.91B 2.33% 3,6,9
DIS $89.82 $162.51B 1.01% 7
GOOGL $160.79 $2.01T 0.49% 6,9
AAPL $230.38 $3.44T 0.44% 2,5,8
NKE $83.43 $124.13B 1.79% 4,7,10
ADDYY $127.47 $45.05B 0.30% 5
PEP $172.30 $238.89B 3.12% 4,6,9
EPR 47.31 7.20% 3.60B 1,2,3,4,5,6,7,8,9,10,11,12
ARCC 21.08 9.16% 13.22B 3, 6, 9, 12
PFE 28.75 5.84% 162.92B 3, 6, 9, 12
VZ 41.40 6.41% 174.65B 1, 4, 7, 10
DOC 21.95 5.44% 15.72B 2, 5, 8, 11
KMI 21.39 5.39% 47.34B 2, 5, 8, 11
GRNT 6.52 6.77% 849.84M 3, 6, 9, 12
SBUX 94.70 2.39% 107.99B 2, 5, 8, 11
XOM 118.35 3.26% 517.68B 3, 6, 9, 12
GIS 71.42 2.97% 39.83B 2, 5, 8, 11
UPS 127.39 5.13% 108.95B 3, 6, 8, 11
ES 66.54 4.27% 23.96b 3, 6, 9, 12
AAPL $150.25 $2,450,000,000,000 0.58% 2, 5, 8, 11
MSFT $280.75 $2,100,000,000,000 0.92% 3, 6, 9, 12
JNJ $165.50 $435,000,000,000 2.75% 3, 6, 9, 12
PG $140.80 $335,000,000,000 2.45% 2, 5, 8, 11
KO $55.20 $238,000,000,000 3.10% 4, 7, 10, 1
XOM $105.30 $440,000,000,000 3.35% 3, 6, 9, 12
VZ $52.80 $220,000,000,000 4.85% 2, 5, 8, 11
T $29.75 $210,000,000,000 5.70% 2, 5, 8, 11
CVX $162.40 $315,000,000,000 3.20% 3, 6, 9, 12
PFE $42.60 $240,000,000,000 3.75% 3, 6, 9, 12
MRK $78.90 $200,000,000,000 2.90% 1, 4, 7, 10
IBM $132.70 $120,000,000,000 4.95% 3, 6, 9, 12
CVS $57.25 $72,000,000,000 4.65% 1, 4, 7, 10
IBM $200.10 $182.81B 3.37% 3,6,9,12
CSCO $50.25 $200.84b 3.21% 1,4,7,10
VZ $41.40 $174.65B 6.41% 2,5,8,11
T $19.83 $142.11B 5.60% 2,5,8,11
PFE $28.74 $162.92B 5.84% 3,6,9,12
JNJ $164.37 $394.60B 3.03% 3,6,9,12
KO $$71.84 $309.23B 2.70% 4,7,10,12
MCD $287.97 $205.91B 2.33% 3,6,9,12
PEP $172.31 $238.89B 3.12% 3,6,9,1
MMM $132.50 $72.30B 2.13% 3,6,9,12
PG $170.10 $397.24B 2.38% 2,5,8,11
NVDA $117.66 $3.09T 0.03% 3,6,9,12
IBM $200.27 $182.81B 3.37% 2,5,8,11
NKE $83.44 $124.13B 1.79% 3,6,9,12
SONY $96.59 $118.25B 0.58% 6,12
NVDA $118.16 $3.09T 0.03% 3,6,9,12
GOOG $162.77 $2.01T 0.49% 6,9
MSFT $413.15 $3.05T 0.73% 2,5,8,11
AAPL $230.07 $3.44T 0.44% 2,5,8,11
META $517.16 $1.31T 0.39% 3,6
NSRGY $107.48 $275.71B 3.07% 5
UL $65.09 $159.76B 2.87% 2,5,8,11
MCD $288.16 $205.91B 2.33% 3,6,9,12
PEP $172.29 $238.89B 3.12% 3,6,9,12
TLT $97.55 $61.93B 3.67% 1,2,3,4,5,6,7,8,9,10,11,12
IEF $97.42 $31.32B 3.22% 1,2,3,4,5,6,7,8,9,10,11,12
IEI $118.88 $15.01B 2.85% 1,2,3,4,5,6,7,8,9,10,11,12
SHV $110.56 $19.07B 5.13% 1,2,3,4,5,6,7,8,9,10,11,12
SGOV $100.71 $25.05B 5.21% 1,2,3,4,5,6,7,8,9,10,11,12
BIL $91.78 $34.43B 5.23% 1,2,3,4,5,6,7,8,9,10,11,12
DLN $76.83 $4.20B 2.07% 1,2,3,4,5,6,7,8,9,10,11,12
DTD $75.30 $1.30B 2.13% 1,2,3,4,5,6,7,8,9,10,11,12
AAPL $230.14 $3.44T 0.44% 1,4,7,10
QCOM $168.99 $191.44B 1.98% 1,4,7,10
ASML $884.51 $349.37B 0.74% 2,5,8,11
TXN $211.19 $189.68B 2.50% 2,5,8,11
IBM $200.27 $182.81B 3.37% 2,5,8,11
LUV $28.91 $17.18B 2.51% 1,3,7,9,1
ABBV $195.42 $345.14B 3.17% 2,5,8,11
PCAR $94.98 $49.55B 4.65% 3,6,9,12,1
MO $53.40 $90.81 7.67% 4,7,10,1
M $15.68 $4.25B 4.52% 4,7,10,1
MSFT $413.42 $3.05T 0.73 3,6,9,12
C $61.73 $117.48B 3.64% 2,5,8,11
TM $187.73 $250.15B 2.59% 6,12
QSR $69.23 $31.14B 3.36$ 4,7,10,1
PEP $172.42 $238.99B 3.12% 3,6,9,1
KO $71.84 $309.23B 2.70% 4,7,10,12
IBM 200.62 182.81B 3.37% 3,6,9,12
CSCO 50.42 200.84B 3.21% 1,4,7,10
VZ 41.47 174.65B 6.41% 2,5,8,11
T 19.83 142.11B 5.60% 2,5,8,11
JNJ 164.55 394.60B 3.03% 3,6,9,12
ABBV 195.59 345.14B 3.17% 2,5,8,11
PFE 28.77 162.92B 5.84% 3,6,9,12
HPQ 35.57 34.01B 3.17% 4,7,10,1
OTEX 32.25 8.48B 3.28% 3,6,9,12
VTRS 11.94 14.20B 4.03% 3,6,9,12
BMY 49.62 99.46B 4.89% 2,5,8,11
OGN 22.51 5.79B 4.98% 3,6,9,12
NVDA $117.60 $3.09T 0.03% 3, 7, 9, 12
CVS $57.23 $72.01B 4.65% 2, 5, 8, 11
AAPL $230.07 $3.44T 0.44% 2, 5, 8, 11
GOOG $2,754.37 $1.43T 0.00% 1, 4, 6, 10
AMZN $3,164.31 $1.23T 0.00% 1, 4, 6, 10
MSFT $342.54 $2.55T 0.98% 2, 5, 8, 11
JPM $163.19 $474.93B 2.71% 3, 7, 9, 12
V $223.41 $523.51B 0.63% 2, 5, 8, 11
PG $143.19 $356.93B 2.47% 3, 7, 9, 12
MA $373.41 $423.51B 0.56% 2, 5, 8, 11
COLA:CA 26.06 $416.84B 2.64% 4, 7, 10, 12
AAPL 229.95 $3.44T 0.44% 2, 5, 8, 11
NVDA 117.67 $3.09T 0.03% 3, 6, 9, 12
MCD $288.28 $205.91B 2.33% 3, 6, 9, 12
SSNLF 40.60 $379.60B 2.65% 5, 8, 11, 4
VZ 41.43 $174.65B 6.41% 2, 5, 8, 11
JNJ 164.52 $394.60B 3.03% 3, 6, 9, 12
T 19.81 $142.11B 5.60% 2, 5, 8, 11
F 11.12 $43.89B 7.07% 3, 6, 9, 12
SBUXY $95.06 $107.99B 2.39% 2, 5, 8, 11
MSFT $413.21 $3.05T 0.73% 3, 6, 9, 12
KHC $35.30 $42.79B 4.52% 3, 6, 9, 12
IBM $198.63 $183.06B 3.36% 2, 5, 8, 11
T $19.79 $140.90B 7.33% 1, 4, 7, 10
VZ $41.50 $174.48B 7.92% 1, 4, 7
MO $53.08 $90.45B 9.01% 3, 6, 9, 12
O $61.86 $54.24B 5.88% 1-12
LUMN $5.29 $5.32B 15.05% 3, 5, 8, 11
FANG $194.77 $34.74B 5.56% 3, 5, 8, 11
CVX $145.79 $268.76B 4.44% 2, 5, 8, 11
SO $86.07 $93.85B 3.36% 2, 5, 8, 11
DUK $112.84 $86.41B 3.74% 2, 5, 8, 11
BTI $37.36 $81.83B 7.97% 3, 6, 9, 12
ENB $39.61 $85.74B 6.89% 2, 5, 8, 11
PFE 28.74 162.92B 5.84% 3,6,9,12
IBM 199.40 182.81B 3.37% 2,5,8,11
T 19.81 142.11B 5.60% 1,4,7,10
XOM 118.29 517.68B 3.26% 2,5,8,11
CFFN 6.00 778.28M 5.67% 2,5,8,11
BRKL 10.22 899.79M 5.34% 2,5,8,11
EVBN 35.50 192.82M 3.74% 3,9
PB 73.31 6.98B 3.06% 3,6,9,12
WBS 47.41 8.04B 3.41% 2,5,8,11
HWC 53.30 4.58B 3.01% 3,6,9,12
FULT 19.22 3.48B 3.55% 3,6,9,12
ASB 22.71 3.36B 3.89% 2,5,8,11
CSCO $50.30 $200.84B 3.21% 1,4,7,10
CKHUY $5.48 $21.11B 5.80% 6,9
EC $9.96 $20.64B 35.63% 4,7
ENB $39.58 $85.74B 6.89% 3,6,9,12
EPFE $28.75 $162.92B 5.84% 3,6,9,12
VZ $41.44 $174.65B 6.41% 2,5,8,11
CCI $111.27 $49.32B 5.52% 3,6,9,12
EPD $29.23 $63.16B 7.22% 2,5,8,11
BAM $41.12 $17.27B 3.70% 3,6,9,12
GILD $79.13 $97.81B 3.92% 3,6,9,12
O $61.27 $54.10B 5.09% 1,2,3,4,5,6,7,8,9,10,11,12
ABBV $195.35 $345.14B 3.17% 2,5,8,11,12
IBM 200.29 182.81B 3.37% 3,6,9,12
XOM 118.20 517.68B 3.26% 3,6,9,12
VZ 41.41 174.65B 6.41% 2,5,8,11
MO 53.34 90.81B 7.67% 3,6,9,12
CMCSA 39.50 154.63B 3.11% 1,4,7,10
MDT 88.33 113.28B 3.17% 3,6,9,12
DOX 53.90 37.51B 5.23% 2,5,8,11
GIS 71.53 39.83B 3.35% 2,5,8,11
LYB 98.35 31.77B 5.49% 3,6,9,12
WEC 92.56 29.33B 3.60% 3,6,9,12
FAF 63.14 6.47B 3.37% 3,6,9,12
OMF 49.00 5.96B 8.36% 2,5,8,11
XRX 11.22 1.36B 9.14 1,5,7,10
MO 53.33 90.91B 7.67 1,4,7,10
VZ 41.39 174.65B 6.41 2,5,8,11
ET 15.91 54.35B 8.06 2,5,8,11
T 19.83 142.11B 5.60 2,5,8,11
SFL 11.66 1.55B 9.32 3,6,9,12
CSWC 24.87 1.15B 10.41 3,6,9,12
IBM $199.70 182.81B 3.37% 3,6,9,12
Premier Financial $25.01 893.81M 4.97% 2,5,8,11
Verizon $41.40 $174.65B 6.41% 2,5,8,11
AT & T $19.81 $142.11B 5.60% 2,5,8,11
OKE ONEOK, Inc $90.26 $51.52B 4.49% 2,5,8,11
CVI CVR Energy, Inc. $24.74 $2.46B 14.31% 3,5,8,11
BAM $41.13 $17.27B 3.70% 3,6,9,12
CCI Crown Castle Inc $111.80 $49.32B 5.52% 3,6,9,12
EPD $29.27 $63.16B 7.22% 1,4,7,10
GILD Gilead Sciences, Inc. $79.37 $97.81B 3.92% 3,6,9,12
XOM Exxon Mobil Corporation $118.71 $517.68B 3.26% 3,6,9,12
MDT Medtronic plc $88.19 $113.28B 3.17% 4,7,10,1
IBM 199.71 182.81B 3.37% 3,6,9,12
VZ 41.41 174.65B 6.41% 2,5,8,11
T 19.80 142.11B 5.60% 2,5,8,11
CVI 24.69 2.46B 14.31% 3,5,8,3,11,11
ALX 230.87 1.18B 7.77% 2,5,8,11
FBRT 13.53 1.09B 10.66% 4,7,10,1
MO 53.35 90.81B 7.67% 4,7,10,1
APAM 41.49 3.33B 7.67% 2,2,8,11
XOM 118.42 517.68B 3.26% 3,6,9,12

GIS 71.49 39.83B 3.35% 2,5,8,11

LYB 98.54 31.77B 5.49% 3,6,9,12

WEC 92.75 29.33B 3.60% 3,6,9,12

IBM 200.19 182.81B 3.37 3,6,9,12
JNJ 164.37 394.60B 3.03 3,6,9,12
PEP 172.34 238.89B 3.12 3,6,9,1
VZ 41.40 174.65B 6.41 2,5,8,11
ABBV 195.30 345.14B 3,17 2,5,8,11
CSCO 50.26 200.84B 3.21 1,4,7,10
WBA 9.36 8.10B 10.66 3,6,9,12
MO 53.35 90.81B 7.67 4,7,10,1
BTI 37.33 81.83B 7.97 5,8,11,2
BMY 49.51 99.46B 4.89 2,5,8,11
CVS 57.17 72.01B 4.65 1,4,7,10
MPW 4.43 2.65B 7.26 4,7,10,1
]]></system-out>
  </testcase>
</testsuite>