<?xml version="1.0" encoding="UTF-8"?>
<testsuite xmlns:xsi="http://www.w3.org/2001/XMLSchema-instance" xsi:noNamespaceSchemaLocation="https://maven.apache.org/surefire/maven-surefire-plugin/xsd/surefire-test-report-3.0.xsd" version="3.0" name="edu.citytech.javareview.datastructure.TA_DynamicArrayRemoveAt" time="0.041" tests="4" errors="0" skipped="0" failures="2">
  <properties>
    <property name="java.specification.version" value="22"/>
    <property name="sun.jnu.encoding" value="UTF-8"/>
    <property name="java.class.path" value="/Users/salem/Documents/3650/JavaReview/01.Project/javareview/target/test-classes:/Users/salem/Documents/3650/JavaReview/01.Project/javareview/target/classes:/Users/salem/.m2/repository/org/jsoup/jsoup/1.18.1/jsoup-1.18.1.jar:/Users/salem/.m2/repository/org/junit/jupiter/junit-jupiter-api/5.11.0/junit-jupiter-api-5.11.0.jar:/Users/salem/.m2/repository/org/opentest4j/opentest4j/1.3.0/opentest4j-1.3.0.jar:/Users/salem/.m2/repository/org/junit/platform/junit-platform-commons/1.11.0/junit-platform-commons-1.11.0.jar:/Users/salem/.m2/repository/org/apiguardian/apiguardian-api/1.1.2/apiguardian-api-1.1.2.jar:/Users/salem/.m2/repository/edu/learning/datastructure/java17/data/cst3650/1.12/cst3650-1.12.jar:/Users/salem/.m2/repository/org/apache/poi/poi/3.17/poi-3.17.jar:/Users/salem/.m2/repository/commons-codec/commons-codec/1.10/commons-codec-1.10.jar:/Users/salem/.m2/repository/org/apache/commons/commons-collections4/4.1/commons-collections4-4.1.jar:/Users/salem/.m2/repository/org/apache/poi/poi-ooxml/3.17/poi-ooxml-3.17.jar:/Users/salem/.m2/repository/com/github/virtuald/curvesapi/1.04/curvesapi-1.04.jar:/Users/salem/.m2/repository/org/apache/poi/poi-ooxml-schemas/3.17/poi-ooxml-schemas-3.17.jar:/Users/salem/.m2/repository/org/apache/xmlbeans/xmlbeans/2.6.0/xmlbeans-2.6.0.jar:/Users/salem/.m2/repository/stax/stax-api/1.0.1/stax-api-1.0.1.jar:/Users/salem/.m2/repository/com/learning/java/data/data-logic/1.2/data-logic-1.2.jar:/Users/salem/.m2/repository/org/apache/logging/log4j/log4j-api/2.5/log4j-api-2.5.jar:/Users/salem/.m2/repository/org/apache/logging/log4j/log4j-core/2.5/log4j-core-2.5.jar:/Users/salem/.m2/repository/org/codehaus/jackson/jackson-mapper-asl/1.9.13/jackson-mapper-asl-1.9.13.jar:/Users/salem/.m2/repository/org/codehaus/jackson/jackson-core-asl/1.9.13/jackson-core-asl-1.9.13.jar:/Users/salem/.m2/repository/com/fasterxml/jackson/core/jackson-databind/2.18.0/jackson-databind-2.18.0.jar:/Users/salem/.m2/repository/com/fasterxml/jackson/core/jackson-annotations/2.18.0/jackson-annotations-2.18.0.jar:/Users/salem/.m2/repository/com/fasterxml/jackson/core/jackson-core/2.18.0/jackson-core-2.18.0.jar:"/>
    <property name="java.vm.vendor" value="Oracle Corporation"/>
    <property name="sun.arch.data.model" value="64"/>
    <property name="java.vendor.url" value="https://java.oracle.com/"/>
    <property name="os.name" value="Mac OS X"/>
    <property name="java.vm.specification.version" value="22"/>
    <property name="user.country" value="US"/>
    <property name="sun.java.launcher" value="SUN_STANDARD"/>
    <property name="sun.boot.library.path" value="/Library/Java/JavaVirtualMachines/jdk-22.jdk/Contents/Home/lib"/>
    <property name="sun.java.command" value="/Users/salem/Documents/3650/JavaReview/01.Project/javareview/target/surefire/surefirebooter-20241127231620267_3.jar /Users/salem/Documents/3650/JavaReview/01.Project/javareview/target/surefire 2024-11-27T23-16-20_225-jvmRun1 surefire-20241127231620267_1tmp surefire_0-20241127231620267_2tmp"/>
    <property name="http.nonProxyHosts" value="local|*.local|169.254/16|*.169.254/16"/>
    <property name="jdk.debug" value="release"/>
    <property name="test" value="edu.citytech.javareview.datastructure.TA_DynamicArrayRemoveAt"/>
    <property name="surefire.test.class.path" value="/Users/salem/Documents/3650/JavaReview/01.Project/javareview/target/test-classes:/Users/salem/Documents/3650/JavaReview/01.Project/javareview/target/classes:/Users/salem/.m2/repository/org/jsoup/jsoup/1.18.1/jsoup-1.18.1.jar:/Users/salem/.m2/repository/org/junit/jupiter/junit-jupiter-api/5.11.0/junit-jupiter-api-5.11.0.jar:/Users/salem/.m2/repository/org/opentest4j/opentest4j/1.3.0/opentest4j-1.3.0.jar:/Users/salem/.m2/repository/org/junit/platform/junit-platform-commons/1.11.0/junit-platform-commons-1.11.0.jar:/Users/salem/.m2/repository/org/apiguardian/apiguardian-api/1.1.2/apiguardian-api-1.1.2.jar:/Users/salem/.m2/repository/edu/learning/datastructure/java17/data/cst3650/1.12/cst3650-1.12.jar:/Users/salem/.m2/repository/org/apache/poi/poi/3.17/poi-3.17.jar:/Users/salem/.m2/repository/commons-codec/commons-codec/1.10/commons-codec-1.10.jar:/Users/salem/.m2/repository/org/apache/commons/commons-collections4/4.1/commons-collections4-4.1.jar:/Users/salem/.m2/repository/org/apache/poi/poi-ooxml/3.17/poi-ooxml-3.17.jar:/Users/salem/.m2/repository/com/github/virtuald/curvesapi/1.04/curvesapi-1.04.jar:/Users/salem/.m2/repository/org/apache/poi/poi-ooxml-schemas/3.17/poi-ooxml-schemas-3.17.jar:/Users/salem/.m2/repository/org/apache/xmlbeans/xmlbeans/2.6.0/xmlbeans-2.6.0.jar:/Users/salem/.m2/repository/stax/stax-api/1.0.1/stax-api-1.0.1.jar:/Users/salem/.m2/repository/com/learning/java/data/data-logic/1.2/data-logic-1.2.jar:/Users/salem/.m2/repository/org/apache/logging/log4j/log4j-api/2.5/log4j-api-2.5.jar:/Users/salem/.m2/repository/org/apache/logging/log4j/log4j-core/2.5/log4j-core-2.5.jar:/Users/salem/.m2/repository/org/codehaus/jackson/jackson-mapper-asl/1.9.13/jackson-mapper-asl-1.9.13.jar:/Users/salem/.m2/repository/org/codehaus/jackson/jackson-core-asl/1.9.13/jackson-core-asl-1.9.13.jar:/Users/salem/.m2/repository/com/fasterxml/jackson/core/jackson-databind/2.18.0/jackson-databind-2.18.0.jar:/Users/salem/.m2/repository/com/fasterxml/jackson/core/jackson-annotations/2.18.0/jackson-annotations-2.18.0.jar:/Users/salem/.m2/repository/com/fasterxml/jackson/core/jackson-core/2.18.0/jackson-core-2.18.0.jar:"/>
    <property name="sun.cpu.endian" value="little"/>
    <property name="user.home" value="/Users/salem"/>
    <property name="user.language" value="en"/>
    <property name="java.specification.vendor" value="Oracle Corporation"/>
    <property name="java.version.date" value="2024-07-16"/>
    <property name="java.home" value="/Library/Java/JavaVirtualMachines/jdk-22.jdk/Contents/Home"/>
    <property name="file.separator" value="/"/>
    <property name="basedir" value="/Users/salem/Documents/3650/JavaReview/01.Project/javareview"/>
    <property name="java.vm.compressedOopsMode" value="Zero based"/>
    <property name="line.separator" value="&#10;"/>
    <property name="java.vm.specification.vendor" value="Oracle Corporation"/>
    <property name="java.specification.name" value="Java Platform API Specification"/>
    <property name="apple.awt.application.name" value="ForkedBooter"/>
    <property name="surefire.real.class.path" value="/Users/salem/Documents/3650/JavaReview/01.Project/javareview/target/surefire/surefirebooter-20241127231620267_3.jar"/>
    <property name="sun.management.compiler" value="HotSpot 64-Bit Tiered Compilers"/>
    <property name="ftp.nonProxyHosts" value="local|*.local|169.254/16|*.169.254/16"/>
    <property name="java.runtime.version" value="22.0.2+9-70"/>
    <property name="user.name" value="salem"/>
    <property name="stdout.encoding" value="UTF-8"/>
    <property name="path.separator" value=":"/>
    <property name="os.version" value="15.0"/>
    <property name="java.runtime.name" value="Java(TM) SE Runtime Environment"/>
    <property name="file.encoding" value="UTF-8"/>
    <property name="java.vm.name" value="Java HotSpot(TM) 64-Bit Server VM"/>
    <property name="maven.ext.class.path" value="/Users/salem/.vscode/extensions/oracle.oracle-java-23.0.1/nbcode/java/maven-nblib/netbeans-eventspy.jar"/>
    <property name="localRepository" value="/Users/salem/.m2/repository"/>
    <property name="java.vendor.url.bug" value="https://bugreport.java.com/bugreport/"/>
    <property name="java.io.tmpdir" value="/var/folders/r_/pr848knd5lzgs33knty6yzw40000gn/T/"/>
    <property name="java.version" value="22.0.2"/>
    <property name="user.dir" value="/Users/salem/Documents/3650/JavaReview/01.Project/javareview"/>
    <property name="os.arch" value="aarch64"/>
    <property name="java.vm.specification.name" value="Java Virtual Machine Specification"/>
    <property name="native.encoding" value="UTF-8"/>
    <property name="java.library.path" value="/Users/salem/Library/Java/Extensions:/Library/Java/Extensions:/Network/Library/Java/Extensions:/System/Library/Java/Extensions:/usr/lib/java:."/>
    <property name="java.vm.info" value="mixed mode, sharing"/>
    <property name="stderr.encoding" value="UTF-8"/>
    <property name="java.vendor" value="Oracle Corporation"/>
    <property name="java.vm.version" value="22.0.2+9-70"/>
    <property name="sun.io.unicode.encoding" value="UnicodeBig"/>
    <property name="socksNonProxyHosts" value="local|*.local|169.254/16|*.169.254/16"/>
    <property name="java.class.version" value="66.0"/>
  </properties>
  <testcase name="t1" classname="edu.citytech.javareview.datastructure.TA_DynamicArrayRemoveAt" time="0.016">
    <system-out><![CDATA[beforeEach: DynamicArray allocated size: 10  current size is: 9, content: [t, d, a, c, f, g, z, t, t]1
t1........: DynamicArray allocated size: 10  current size is: 8, content: [t, d, c, f, g, z, t, t]
]]></system-out>
  </testcase>
  <testcase name="t2" classname="edu.citytech.javareview.datastructure.TA_DynamicArrayRemoveAt" time="0.001">
    <system-out><![CDATA[beforeEach: DynamicArray allocated size: 10  current size is: 9, content: [t, d, a, c, f, g, z, t, t]2
t2........: DynamicArray allocated size: 10  current size is: 8, content: [t, d, c, f, g, z, t, t]
]]></system-out>
  </testcase>
  <testcase name="t3" classname="edu.citytech.javareview.datastructure.TA_DynamicArrayRemoveAt" time="0.006">
    <failure message="expected: &lt;8&gt; but was: &lt;9&gt;" type="org.opentest4j.AssertionFailedError"><![CDATA[org.opentest4j.AssertionFailedError: expected: <8> but was: <9>
	at org.junit.jupiter.api.AssertionFailureBuilder.build(AssertionFailureBuilder.java:151)
	at org.junit.jupiter.api.AssertionFailureBuilder.buildAndThrow(AssertionFailureBuilder.java:132)
	at org.junit.jupiter.api.AssertEquals.failNotEqual(AssertEquals.java:197)
	at org.junit.jupiter.api.AssertEquals.assertEquals(AssertEquals.java:150)
	at org.junit.jupiter.api.AssertEquals.assertEquals(AssertEquals.java:145)
	at org.junit.jupiter.api.Assertions.assertEquals(Assertions.java:531)
	at edu.citytech.javareview.datastructure.TA_DynamicArrayRemoveAt.t3(TA_DynamicArrayRemoveAt.java:49)
	at java.base/java.lang.reflect.Method.invoke(Method.java:580)
	at java.base/java.util.ArrayList.forEach(ArrayList.java:1597)
	at java.base/java.util.ArrayList.forEach(ArrayList.java:1597)
]]></failure>
    <system-out><![CDATA[beforeEach: DynamicArray allocated size: 10  current size is: 9, content: [t, d, a, c, f, g, z, t, t]3
t3........: DynamicArray allocated size: 10  current size is: 9, content: [t, d, a, c, f, g, z, t, t]
]]></system-out>
  </testcase>
  <testcase name="t4" classname="edu.citytech.javareview.datastructure.TA_DynamicArrayRemoveAt" time="0.004">
    <failure message="expected: &lt;6&gt; but was: &lt;7&gt;" type="org.opentest4j.AssertionFailedError"><![CDATA[org.opentest4j.AssertionFailedError: expected: <6> but was: <7>
	at org.junit.jupiter.api.AssertionFailureBuilder.build(AssertionFailureBuilder.java:151)
	at org.junit.jupiter.api.AssertionFailureBuilder.buildAndThrow(AssertionFailureBuilder.java:132)
	at org.junit.jupiter.api.AssertEquals.failNotEqual(AssertEquals.java:197)
	at org.junit.jupiter.api.AssertEquals.assertEquals(AssertEquals.java:150)
	at org.junit.jupiter.api.AssertEquals.assertEquals(AssertEquals.java:145)
	at org.junit.jupiter.api.Assertions.assertEquals(Assertions.java:531)
	at edu.citytech.javareview.datastructure.TA_DynamicArrayRemoveAt.t4(TA_DynamicArrayRemoveAt.java:59)
	at java.base/java.lang.reflect.Method.invoke(Method.java:580)
	at java.base/java.util.ArrayList.forEach(ArrayList.java:1597)
	at java.base/java.util.ArrayList.forEach(ArrayList.java:1597)
]]></failure>
    <system-out><![CDATA[beforeEach: DynamicArray allocated size: 10  current size is: 9, content: [t, d, a, c, f, g, z, t, t]4
t4........: DynamicArray allocated size: 10  current size is: 7, content: [t, d, a, c, f, g, z]
]]></system-out>
  </testcase>
</testsuite>